<?xml version="1.0" encoding="UTF-8"?>
<testng-results skipped="0" failed="0" ignored="0" total="1" passed="1">
  <reporter-output>
  </reporter-output>
  <suite name="Default suite" duration-ms="51" started-at="2020-04-21T04:28:10Z" finished-at="2020-04-21T04:28:10Z">
    <groups>
    </groups>
    <test name="Default test" duration-ms="51" started-at="2020-04-21T04:28:10Z" finished-at="2020-04-21T04:28:10Z">
      <class name="demoJenkins.demoJenkinsJob">
        <test-method status="PASS" signature="testJenkins()[pri:0, instance:demoJenkins.demoJenkinsJob@7ac7a4e4]" name="testJenkins" duration-ms="14" started-at="2020-04-21T04:28:10Z" finished-at="2020-04-21T04:28:10Z">
          <reporter-output>
          </reporter-output>
        </test-method> <!-- testJenkins -->
      </class> <!-- demoJenkins.demoJenkinsJob -->
    </test> <!-- Default test -->
  </suite> <!-- Default suite -->
</testng-results>
